sample.interval=20000
"Rprof" 
"Rprof" 
"Rprof" 
"save" "<Anonymous>" 
"grobUnit" "valid.data" "valid.unit" "unit" "is.unit" "viewport" "pushedvp" "<Anonymous>" 
"grobUnit" "valid.data" "valid.unit" "unit" "is.unit" "viewport" "pushedvp" "<Anonymous>" 
"grobUnit" "valid.data" "valid.unit" "unit" "is.unit" "viewport" "pushedvp" "<Anonymous>" 
"grid.Call.graphics" "drawDetails.text" "drawDetails" "drawGrob" "grid.Call.gra
phics" "drawDetails.text" "drawDetails" "drawGrob" 
"grid.Call.graphics" "drawDetails.text" "drawDetails" "drawGrob" 
"grid.Call.graphics" "drawDetails.text" "drawDetails" "drawGrob" 
"grid.Call.graphics" "drawDetails.text" "drawDetails" "drawGrob" 
"grid.Call.graphics" "drawDetails.text" "drawDetails" "drawGrob" 
"grid.Call.graphics" "drawDetails.text" "drawDetails" "drawGrob" 
"grid.Call.graphics" "drawDetails.text" "drawDetails" "drawGrob" 
"grid.Call.graphics" "drawDetails.text" "drawDetails" "drawGrob" 
"grid.Call.graphics" "drawDetails.text" "drawDetails" "drawGrob" 
"grid.Call.graphics" "drawDetails.rect" "drawDetails" "drawGrob" 
"grid.Call.graphics" "drawDetails.rect" "drawDetails" "drawGrob" 
"preDraw" "drawGrob" 
"preDraw" "drawGrob" 
"grid.Call.graphics" "drawDetails.text" "drawDetails" "drawGrob" 
"grid.Call.graphics" "drawDetails.text" "drawDetails" "drawGrob" 
"grid.Call.graphics" "drawDetails.text" "drawDetails" "drawGrob" 
"grid.Call.graphics" "drawDetails.text" "drawDetails" "drawGrob" 
"grid.Call.graphics" "drawDetails.rect" "drawDetails" "drawGrob" 
"grid.Call.graphics" "drawDetails.text" "drawDetails" "drawGrob" 
"<Anonymous>" "doTryCatch" "tryCatchOne" "tryCatchList" "tryCatch" "try" 
"grid.Call.graphics" "drawDetails.rect" "drawDetails" "drawGrob" 
"grid.Call.graphics" "drawDetails.rect" "drawDetails" "drawGrob" 
"$" "postDraw.grob" "postDraw" "drawGrob" 
"grid.Call.graphics" "drawDetails.text" "drawDetails" "drawGrob" 
"grid.Call.graphics" "drawDetails.text" "drawDetails" "drawGrob" 
"grid.Call.graphics" "drawDetails.text" "drawDetails" "drawGrob" 
"grid.Call.graphics" "drawDetails.text" "drawDetails" "drawGrob" 
"grid.Call.graphics" "drawDetails.text" "drawDetails" "drawGrob" 
"grid.Call.graphics" "drawDetails.text" "drawDetails" "drawGrob" 
"grid.Call.graphics" "drawDetails.text" "drawDetails" "drawGrob" 
"grid.Call.graphics" "drawDetails.text" "drawDetails" "drawGrob" 
"grid.Call.graphics" "drawDetails.text" "drawDetails" "drawGrob" 
"grid.Call.graphics" "drawDetails.rect" "drawDetails" "drawGrob" 
"grid.Call.graphics" "drawDetails.rect" "drawDetails" "drawGrob" 
"grid.Call.graphics" "drawDetails.text" "drawDetails" "drawGrob" 
"grid.Call.graphics" "drawDetails.text" "drawDetails" "drawGrob" 
"grid.Call.graphics" "drawDetails.text" "drawDetails" "drawGrob" 
"grid.Call.graphics" "drawDetails.text" "drawDetails" "drawGrob" 
"grid.Call.graphics" "drawDetails.text" "drawDetails" "drawGrob" 
"as.name" "getNamespace" "grid.Call.graphics" "drawDetails.text" "drawDetails" "drawGrob" 
"grid.Call.graphics" "drawDetails.rect" "drawDetails" "drawGrob" 
"grid.Call.graphics" "drawDetails.text" "drawDetails" "drawGrob" 
"grid.Call.graphics" "drawDetails.text" "drawDetails" "drawGrob" 
"strsplit" "summaryRprof" 
"FUN" "lapply" "summaryRprof" 
"sort.int" "sort.default" "sort" "rowsum.default" "rowsum" "summaryRprof" 
"print.default" "print" "print.data.frame" "print" 
"print.default" "print" "print.data.frame" "print" 
"print.default" "print" "print.data.frame" "print" 
"print.default" "print" "print.data.frame" "print" 
"print.default" "print" "print.data.frame" "print" 
"print.default" "print" "print.data.frame" "print" 
"lazyLoadDBfetch" "get" ":::" "<Anonymous>" 
"file.exists" "FUN" "lapply" "unlist" "unique" "assign" "matchAvailableTopics" "helpCompletions" "specialCompletions" "<Anonymous>" "<Anonymous>" 
"grep" "matchAvailableTopics" "helpCompletions" "specialCompletions" "<Anonymous>" "<Anonymous>" 
"readRDS" "index.search" "help" "eval" "eval" "?" 
"gzfile" "readRDS" "lazyLoadDBexec" "<Anonymous>" "<Anonymous>" "prepare_Rd" "Rd2HTML" "<Anonymous>" "doTryCatch" "tryCatchOne" "tryCatchList" "tryCatch" "try" 
"gzfile" "readRDS" "lazyLoadDBexec" "<Anonymous>" "<Anonymous>" "prepare_Rd" "Rd2HTML" "<Anonymous>" "doTryCatch" "tryCatchOne" "tryCatchList" "tryCatch" "try" 
"fetch" "fun" "lazyLoadDBexec" "<Anonymous>" "<Anonymous>" "prepare_Rd" "Rd2HTML" "<Anonymous>" "doTryCatch" "tryCatchOne" "tryCatchList" "tryCatch" "try" 
"fetch" "fun" "lazyLoadDBexec" "<Anonymous>" "<Anonymous>" "prepare_Rd" "Rd2HTML" "<Anonymous>" "doTryCatch" "tryCatchOne" "tryCatchList" "tryCatch" "try" 
"fetch" "fun" "lazyLoadDBexec" "<Anonymous>" "<Anonymous>" "prepare_Rd" "Rd2HTML" "<Anonymous>" "doTryCatch" "tryCatchOne" "tryCatchList" "tryCatch" "try" 
"unique" "simplify2array" "sapply" "apply" "setDynamicFlags" "prepare_Rd" "Rd2HTML" "<Anonymous>" "doTryCatch" "tryCatchOne" "tryCatchList" "tryCatch" "try" 
"psub" "htmlify" "isBlankLineRd" "addParaBreaks" "writeLines" "writeLinesUTF8" "of1" "writeBlock" "writeContent" "writeSection" "Rd2HTML" "<Anonymous>" "doTryCatch" "tryCatchOne" "tryCatchList" "tryCatch" "try" 
"isBlankLineRd" "addParaBreaks" "writeLines" "writeLinesUTF8" "of1" "writeBlock" "writeContent" "writeContent" "writeSection" "Rd2HTML" "<Anonymous>" "doTryCatch" "tryCatchOne" "tryCatchList" "tryCatch" "try" 
"grep" "isBlankRd" "writeContent" "writeSection" "Rd2HTML" "<Anonymous>" "doTryCatch" "tryCatchOne" "tryCatchList" "tryCatch" "try" 
"writeLinesUTF8" "of0" "writeWrapped" "writeBlock" "writeContent" "writeContent" "writeSection" "Rd2HTML" "<Anonymous>" "doTryCatch" "tryCatchOne" "tryCatchList" "tryCatch" "try" 
"writeLines" "writeLinesUTF8" "of1" "writeBlock" "writeContent" "writeSection" "Rd2HTML" "<Anonymous>" "doTryCatch" "tryCatchOne" "tryCatchList" "tryCatch" "try" 
"grep" "isBlankLineRd" "addParaBreaks" "writeLines" "writeLinesUTF8" "of1" "writeBlock" "writeContent" "writeSection" "Rd2HTML" "<Anonymous>" "doTryCatch" "tryCatchOne" "tryCatchList" "tryCatch" "try" 
"grep" "isBlankRd" "writeContent" "writeSection" "Rd2HTML" "<Anonymous>" "doTryCatch" "tryCatchOne" "tryCatchList" "tryCatch" "try" 
"psub" "htmlify" "isBlankLineRd" "addParaBreaks" "writeLines" "writeLinesUTF8" "of1" "writeBlock" "writeContent" "writeSection" "Rd2HTML" "<Anonymous>" "doTryCatch" "tryCatchOne" "tryCatchList" "tryCatch" "try" 
"lapply" "unlist" "unique" "simplify2array" "sapply" "RdTags" "writeContent" "writeContent" "writeSection" "Rd2HTML" "<Anonymous>" "doTryCatch" "tryCatchOne" "tryCatchList" "tryCatch" "try" 
"psub" "htmlify" "isBlankLineRd" "addParaBreaks" "writeLines" "writeLinesUTF8" "of1" "writeBlock" "writeContent" "writeSection" "Rd2HTML" "<Anonymous>" "doTryCatch" "tryCatchOne" "tryCatchList" "tryCatch" "try" 
"[[" "writeSection" "Rd2HTML" "<Anonymous>" "doTryCatch" "tryCatchOne" "tryCatchList" "tryCatch" "try" 
"psub" "htmlify" "isBlankLineRd" "addParaBreaks" "writeLines" "writeLinesUTF8" "of1" "writeBlock" "writeContent" "writeSection" "Rd2HTML" "<Anonymous>" "doTryCatch" "tryCatchOne" "tryCatchList" "tryCatch" "try" 
"grep" "isBlankLineRd" "addParaBreaks" "writeLines" "writeLinesUTF8" "of1" "writeBlock" "writeContent" "writeSection" "Rd2HTML" "<Anonymous>" "doTryCatch" "tryCatchOne" "tryCatchList" "tryCatch" "try" 
"grep" "isBlankLineRd" "addParaBreaks" "writeLines" "writeLinesUTF8" "of1" "writeBlock" "writeContent" "writeSection" "Rd2HTML" "<Anonymous>" "doTryCatch" "tryCatchOne" "tryCatchList" "tryCatch" "try" 
"grep" "isBlankLineRd" "addParaBreaks" "writeLines" "writeLinesUTF8" "of1" "writeBlock" "writeContent" "writeSection" "Rd2HTML" "<Anonymous>" "doTryCatch" "tryCatchOne" "tryCatchList" "tryCatch" "try" 
"writeLines" "writeLinesUTF8" "of1" "writeBlock" "writeContent" "writeSection" "Rd2HTML" "<Anonymous>" "doTryCatch" "tryCatchOne" "tryCatchList" "tryCatch" "try" 
"psub" "htmlify" "isBlankLineRd" "addParaBreaks" "writeLines" "writeLinesUTF8" "of1" "writeBlock" "writeContent" "writeSection" "Rd2HTML" "<Anonymous>" "doTryCatch" "tryCatchOne" "tryCatchList" "tryCatch" "try" 
"grep" "isBlankLineRd" "addParaBreaks" "writeLines" "writeLinesUTF8" "of1" "writeBlock" "writeContent" "writeSection" "Rd2HTML" "<Anonymous>" "doTryCatch" "tryCatchOne" "tryCatchList" "tryCatch" "try" 
"psub" "htmlify" "isBlankLineRd" "addParaBreaks" "writeLines" "writeLinesUTF8" "of1" "writeBlock" "writeContent" "writeHref" "writeLink" "writeBlock" "writeContent" "writeWrapped" "writeBlock" "writeContent" "writeSection" "Rd2HTML" "<Anonymous>" "doTryCatch" "tryCatchOne" "tryCatchList" "tryCatch" "try" 
"psub" "htmlify" "isBlankLineRd" "addParaBreaks" "writeLines" "writeLinesUTF8" "of1" "writeBlock" "writeContent" "writeSection" "Rd2HTML" "<Anonymous>" "doTryCatch" "tryCatchOne" "tryCatchList" "tryCatch" "try" 
